<?xml version="1.0" encoding="UTF-8"?>
<!-- Generated by org.testng.reporters.JUnitXMLReporter -->
<testsuite ignored="0" hostname="DESKTOP-QVM6J4J" failures="0" tests="3" name="Default test" time="0.052" errors="0" timestamp="2023-08-07T09:21:39 IST">
  <testcase classname="com.Testautomation.TestAutomation_S1" name="verifyTest1" time="0.007"/>
  <testcase classname="com.Testautomation.TestAutomation_S1" name="verifyTest2" time="0.0"/>
  <testcase classname="com.Testautomation.TestAutomation_S1" name="verifyTest3" time="0.0"/>
</testsuite> <!-- Default test -->
