<?xml version="1.0" encoding="UTF-8"?>
<!-- Generated by org.testng.reporters.JUnitXMLReporter -->
<testsuite ignored="0" hostname="DESKTOP-QVM6J4J" failures="0" tests="3" name="Default test" time="62.832" errors="0" timestamp="2023-08-08T09:25:37 IST">
  <testcase classname="com.Testautomation.TestAutomation_S4" name="abc" time="0.008"/>
  <testcase classname="com.Testautomation.TestAutomation_S4" name="xyz" time="0.013"/>
  <testcase classname="com.Testautomation.TestAutomation_S4" name="pqr" time="0.013"/>
</testsuite> <!-- Default test -->
