<?xml version="1.0" encoding="UTF-8"?>
<!-- Generated by org.testng.reporters.JUnitXMLReporter -->
<testsuite ignored="2" hostname="DESKTOP-QVM6J4J" failures="0" tests="7" name="DemoTest" time="41.391" errors="0" timestamp="2023-08-09T09:26:55 IST">
  <testcase classname="com.Testautomation.TestAutomation_S5" name="m1" time="0.006"/>
  <testcase classname="com.Testautomation.TestAutomation_S5" name="m2" time="0.001"/>
  <testcase classname="com.Testautomation.TestAutomation_S5" name="m2" time="0.002"/>
  <testcase classname="com.Testautomation.TestAutomation_S5" name="m2" time="0.001"/>
  <testcase classname="com.Testautomation.TestAutomation_S5" name="m4" time="0.001"/>
  <testcase classname="com.Testautomation.TestAutomation_S4" name="xyz" time="0.023"/>
  <testcase classname="com.Testautomation.TestAutomation_S4" name="pqr" time="0.001"/>
  <testcase classname="com.Testautomation.TestAutomation_S5" name="m3" time="0.0">
    <ignored/>
  </testcase> <!-- m3 -->
  <testcase classname="com.Testautomation.TestAutomation_S4" name="abc" time="0.0">
    <ignored/>
  </testcase> <!-- abc -->
</testsuite> <!-- DemoTest -->
