<?xml version="1.0" encoding="UTF-8"?>
<!-- Generated by org.testng.reporters.JUnitXMLReporter -->
<testsuite ignored="2" hostname="DESKTOP-QVM6J4J" failures="0" tests="6" name="Test" time="0.06" errors="0" timestamp="2023-08-10T09:22:30 IST">
  <testcase classname="com.Testautomation.TestAutomation_S6" name="a3" time="0.007"/>
  <testcase classname="com.Testautomation.TestAutomation_S6" name="a4" time="0.002"/>
  <testcase classname="com.Testautomation.TestAutomation_S7" name="p1" time="0.001"/>
  <testcase classname="com.Testautomation.TestAutomation_S7" name="p2" time="0.001"/>
  <testcase classname="com.Testautomation.TestAutomation_S7" name="p3" time="0.001"/>
  <testcase classname="com.Testautomation.TestAutomation_S7" name="p4" time="0.001"/>
  <testcase classname="com.Testautomation.TestAutomation_S6" name="a1" time="0.0">
    <ignored/>
  </testcase> <!-- a1 -->
  <testcase classname="com.Testautomation.TestAutomation_S6" name="a2" time="0.0">
    <ignored/>
  </testcase> <!-- a2 -->
</testsuite> <!-- Test -->
