<?xml version="1.0" encoding="UTF-8"?>
<!-- Generated by org.testng.reporters.JUnitXMLReporter -->
<testsuite ignored="0" hostname="DESKTOP-QVM6J4J" failures="0" tests="3" name="TestEdge" time="24.178" errors="0" timestamp="2023-08-12T09:18:54 IST">
  <testcase classname="com.Testautomation.TestAutomation_S8" name="verify_TC_001" time="0.002"/>
  <testcase classname="com.Testautomation.TestAutomation_S9" name="verifyTC_002" time="0.002"/>
  <testcase classname="com.Testautomation.TestAutomation_S10" name="verify_TC003" time="0.02"/>
</testsuite> <!-- TestEdge -->
