<?xml version="1.0" encoding="UTF-8"?>
<testng-results ignored="2" total="8" passed="6" failed="0" skipped="0">
  <reporter-output>
  </reporter-output>
  <suite started-at="2023-08-10T09:22:30 IST" name="Suite" finished-at="2023-08-10T09:22:30 IST" duration-ms="60">
    <groups>
      <group name="Regression">
        <method signature="TestAutomation_S6.a3()[pri:0, instance:com.Testautomation.TestAutomation_S6@7c24b813]" name="a3" class="com.Testautomation.TestAutomation_S6"/>
        <method signature="TestAutomation_S6.a4()[pri:0, instance:com.Testautomation.TestAutomation_S6@7c24b813]" name="a4" class="com.Testautomation.TestAutomation_S6"/>
        <method signature="TestAutomation_S7.p1()[pri:0, instance:com.Testautomation.TestAutomation_S7@f0da945]" name="p1" class="com.Testautomation.TestAutomation_S7"/>
        <method signature="TestAutomation_S7.p2()[pri:0, instance:com.Testautomation.TestAutomation_S7@f0da945]" name="p2" class="com.Testautomation.TestAutomation_S7"/>
        <method signature="TestAutomation_S7.p3()[pri:0, instance:com.Testautomation.TestAutomation_S7@f0da945]" name="p3" class="com.Testautomation.TestAutomation_S7"/>
        <method signature="TestAutomation_S7.p4()[pri:0, instance:com.Testautomation.TestAutomation_S7@f0da945]" name="p4" class="com.Testautomation.TestAutomation_S7"/>
      </group> <!-- Regression -->
      <group name="CriticalRegression">
        <method signature="TestAutomation_S7.p1()[pri:0, instance:com.Testautomation.TestAutomation_S7@f0da945]" name="p1" class="com.Testautomation.TestAutomation_S7"/>
      </group> <!-- CriticalRegression -->
    </groups>
    <test started-at="2023-08-10T09:22:30 IST" name="Test" finished-at="2023-08-10T09:22:30 IST" duration-ms="60">
      <class name="com.Testautomation.TestAutomation_S7">
        <test-method signature="p1()[pri:0, instance:com.Testautomation.TestAutomation_S7@f0da945]" started-at="2023-08-10T09:22:30 IST" name="p1" finished-at="2023-08-10T09:22:30 IST" duration-ms="1" status="PASS">
          <reporter-output>
          </reporter-output>
        </test-method> <!-- p1 -->
        <test-method signature="p2()[pri:0, instance:com.Testautomation.TestAutomation_S7@f0da945]" started-at="2023-08-10T09:22:30 IST" name="p2" finished-at="2023-08-10T09:22:30 IST" duration-ms="1" status="PASS">
          <reporter-output>
          </reporter-output>
        </test-method> <!-- p2 -->
        <test-method signature="p3()[pri:0, instance:com.Testautomation.TestAutomation_S7@f0da945]" started-at="2023-08-10T09:22:30 IST" name="p3" finished-at="2023-08-10T09:22:30 IST" duration-ms="1" status="PASS">
          <reporter-output>
          </reporter-output>
        </test-method> <!-- p3 -->
        <test-method signature="p4()[pri:0, instance:com.Testautomation.TestAutomation_S7@f0da945]" started-at="2023-08-10T09:22:30 IST" name="p4" finished-at="2023-08-10T09:22:30 IST" duration-ms="1" status="PASS">
          <reporter-output>
          </reporter-output>
        </test-method> <!-- p4 -->
      </class> <!-- com.Testautomation.TestAutomation_S7 -->
      <class name="com.Testautomation.TestAutomation_S6">
        <test-method signature="a3()[pri:0, instance:com.Testautomation.TestAutomation_S6@7c24b813]" started-at="2023-08-10T09:22:30 IST" name="a3" finished-at="2023-08-10T09:22:30 IST" duration-ms="7" status="PASS">
          <reporter-output>
          </reporter-output>
        </test-method> <!-- a3 -->
        <test-method signature="a4()[pri:0, instance:com.Testautomation.TestAutomation_S6@7c24b813]" started-at="2023-08-10T09:22:30 IST" name="a4" finished-at="2023-08-10T09:22:30 IST" duration-ms="2" status="PASS">
          <reporter-output>
          </reporter-output>
        </test-method> <!-- a4 -->
      </class> <!-- com.Testautomation.TestAutomation_S6 -->
    </test> <!-- Test -->
  </suite> <!-- Suite -->
</testng-results>
